JvmtiExport can_access_local_variables 0
JvmtiExport can_hotswap_or_post_breakpoint 0
JvmtiExport can_post_on_exceptions 0
# 192 ciObject found
ciMethod java/lang/Object <init> ()V 4097 1 125287 0 96
ciMethod java/lang/String <init> ([CII)V 4097 1 5647 0 -1
ciMethod java/lang/String length ()I 4097 1 46987 0 64
ciMethod java/lang/String charAt (I)C 4097 1 357739 0 160
ciMethod java/lang/String codePointAt (I)I 0 0 48 0 -1
ciMethod java/lang/String equalsIgnoreCase (Ljava/lang/String;)Z 17 1 2995 0 0
ciMethod java/lang/String regionMatches (ZILjava/lang/String;II)Z 1377 433 3781 0 0
ciMethod java/lang/String startsWith (Ljava/lang/String;I)Z 4097 1 2577 0 416
ciMethod java/lang/String startsWith (Ljava/lang/String;)Z 4097 1 12715 0 384
ciMethod java/lang/String indexOf (II)I 1609 65537 2998 0 384
ciMethod java/lang/String indexOfSupplementary (II)I 0 0 1 0 -1
ciMethod java/lang/String substring (II)Ljava/lang/String; 4097 1 5640 0 960
ciMethod java/lang/String toLowerCase (Ljava/util/Locale;)Ljava/lang/String; 4097 23113 1539 0 -1
ciMethod java/lang/String toLowerCase ()Ljava/lang/String; 4097 1 4193 0 0
ciMethod java/lang/String trim ()Ljava/lang/String; 57 9 560 0 -1
ciMethod java/lang/Class forName (Ljava/lang/String;)Ljava/lang/Class; 265 1 812 166 -1
ciMethod java/lang/Class newInstance ()Ljava/lang/Object; 81 1 35 0 -1
ciMethod java/lang/ClassLoader loadClass (Ljava/lang/String;)Ljava/lang/Class; 985 1 2140 6 -1
ciMethod java/lang/ClassLoader getSystemClassLoader ()Ljava/lang/ClassLoader; 17 1 70 0 -1
ciMethod java/lang/System getSecurityManager ()Ljava/lang/SecurityManager; 4097 1 9130 0 -1
ciMethod java/lang/System arraycopy (Ljava/lang/Object;ILjava/lang/Object;II)V 93185 1 11648 0 -1
ciMethod java/lang/Throwable getMessage ()Ljava/lang/String; 113 1 14 0 -1
ciMethod java/lang/Throwable initCause (Ljava/lang/Throwable;)Ljava/lang/Throwable; 17 1 2 0 -1
ciMethod java/lang/Exception <init> (Ljava/lang/String;)V 1201 1 150 0 -1
ciMethod java/util/Hashtable get (Ljava/lang/Object;)Ljava/lang/Object; 4097 185 4433 0 -1
ciMethod java/util/Hashtable put (Ljava/lang/Object;Ljava/lang/Object;)Ljava/lang/Object; 1577 617 2082 0 -1
ciMethod java/lang/AbstractStringBuilder <init> (I)V 4097 1 13582 0 -1
ciMethod java/lang/AbstractStringBuilder append (Ljava/lang/String;)Ljava/lang/AbstractStringBuilder; 4097 1 5649 0 -1
ciMethod java/lang/StringBuilder <init> ()V 4097 1 8463 0 192
ciMethod java/lang/StringBuilder append (Ljava/lang/String;)Ljava/lang/StringBuilder; 4097 1 17426 0 1024
ciMethod java/lang/StringBuilder toString ()Ljava/lang/String; 4097 1 8914 0 832
ciMethod java/net/URL <init> (Ljava/net/URL;Ljava/lang/String;Ljava/net/URLStreamHandler;)V 465 8849 3131 0 -1
ciMethod java/net/URL isValidProtocol (Ljava/lang/String;)Z 137 409 27 0 0
ciMethod java/net/URL checkSpecifyHandler (Ljava/lang/SecurityManager;)V 0 0 1 0 -1
ciMethod java/net/URL getURLStreamHandler (Ljava/lang/String;)Ljava/net/URLStreamHandler; 4097 9 675 0 0
ciMethod java/lang/Character charCount (I)I 17 1 332 0 -1
ciMethod java/lang/Character toChars (I[CI)I 0 0 1 0 -1
ciMethod java/lang/Character toChars (I)[C 0 0 1 0 -1
ciMethod java/lang/Character isLetter (C)Z 217 1 27 0 -1
ciMethod java/lang/Character isLetterOrDigit (C)Z 633 1 79 0 -1
ciMethod java/lang/Character toLowerCase (C)C 4097 1 9354 0 0
ciMethod java/lang/Character toLowerCase (I)I 4097 1 24037 0 0
ciMethod java/lang/Character toUpperCase (C)C 4097 1 5767 0 0
ciMethod java/lang/Character toUpperCase (I)I 4097 1 5767 0 0
ciMethod java/security/AccessController doPrivileged (Ljava/security/PrivilegedAction;)Ljava/lang/Object; 2049 1 256 0 -1
ciMethod java/lang/CharacterData toLowerCase (I)I 0 0 1 0 -1
ciMethod java/lang/CharacterData toUpperCase (I)I 0 0 1 0 -1
ciMethod java/lang/CharacterData of (I)Ljava/lang/CharacterData; 4097 1 5690 0 96
ciMethod java/lang/CharacterDataLatin1 getProperties (I)I 4097 1 25070 0 0
ciMethod java/lang/CharacterDataLatin1 toLowerCase (I)I 4097 1 5696 0 160
ciMethod java/lang/CharacterDataLatin1 toUpperCase (I)I 4097 1 5632 0 160
ciMethod sun/security/action/GetPropertyAction <init> (Ljava/lang/String;Ljava/lang/String;)V 49 1 20 0 -1
ciMethod java/net/URLStreamHandlerFactory createURLStreamHandler (Ljava/lang/String;)Ljava/net/URLStreamHandler; 0 0 1 0 -1
ciMethod java/util/StringTokenizer <init> (Ljava/lang/String;Ljava/lang/String;)V 17 1 162 0 -1
ciMethod java/util/StringTokenizer hasMoreTokens ()Z 729 1 802 0 -1
ciMethod java/util/StringTokenizer nextToken ()Ljava/lang/String; 545 1 641 0 -1
ciMethodData java/lang/String charAt (I)C 2 357739 orig 264 72 50 70 111 0 0 0 0 176 61 170 42 0 0 0 0 120 1 0 0 32 0 0 0 0 0 0 0 0 0 0 0 0 0 0 0 0 0 0 0 0 0 0 0 0 0 0 0 0 0 0 0 0 0 0 0 0 0 0 0 0 0 0 0 0 0 0 0 0 0 0 0 0 0 0 0 0 0 0 0 77 68 79 32 101 120 116 114 97 32 100 97 116 97 32 108 111 99 107 0 0 0 0 0 0 0 0 0 0 0 0 0 0 0 0 0 0 0 0 0 0 0 0 0 0 0 0 0 0 0 0 0 0 0 0 0 0 0 0 0 0 0 0 0 0 0 0 0 0 0 0 0 0 0 0 0 0 0 0 0 0 0 0 0 0 0 0 0 0 0 0 0 0 0 0 0 0 0 0 0 0 0 0 0 25 0 0 0 0 0 0 0 0 0 0 0 0 0 0 0 1 0 0 0 0 0 0 0 0 0 0 0 0 0 0 0 0 2 0 0 89 155 43 0 1 0 0 0 0 0 0 0 0 0 0 0 2 0 0 0 0 0 0 0 0 0 0 0 80 0 0 0 255 255 255 255 7 0 1 0 0 0 0 0 data 10 0x10007 0x0 0x40 0x5736b 0xa0007 0x5736b 0x30 0x0 0x120002 0x0 oops 0
ciMethod java/util/Locale getDefault ()Ljava/util/Locale; 4097 1 4234 0 0
ciMethod java/util/Locale getLanguage ()Ljava/lang/String; 193 1 5252 0 -1
ciMethodData java/lang/Object <init> ()V 2 125287 orig 264 72 50 70 111 0 0 0 0 128 4 170 42 0 0 0 0 32 1 0 0 0 0 0 0 0 0 0 0 0 0 0 0 0 0 0 0 0 0 0 0 0 0 0 0 0 0 0 0 0 0 0 0 0 0 0 0 0 0 0 0 0 0 0 0 0 0 0 0 0 0 0 0 0 0 0 0 0 0 0 0 77 68 79 32 101 120 116 114 97 32 100 97 116 97 32 108 111 99 107 0 0 0 0 0 0 0 0 0 0 0 0 0 0 0 0 0 0 0 0 0 0 0 0 0 0 0 0 0 0 0 0 0 0 0 0 0 0 0 0 0 0 0 0 0 0 0 0 0 0 0 0 0 0 0 0 0 0 0 0 0 0 0 0 0 0 0 0 0 0 0 0 0 0 0 0 0 0 0 0 0 0 0 0 0 1 0 0 0 0 0 0 0 1 0 0 0 0 0 0 0 1 0 0 0 0 0 0 0 0 0 0 0 0 0 0 0 0 2 0 0 57 59 15 0 1 0 0 0 0 0 0 0 0 0 0 0 2 0 0 0 0 0 0 0 0 0 0 0 0 0 0 0 255 255 255 255 0 0 0 0 0 0 0 0 data 0 oops 0
ciMethodData java/lang/CharacterData of (I)Ljava/lang/CharacterData; 2 5690 orig 264 72 50 70 111 0 0 0 0 168 249 185 42 0 0 0 0 112 2 0 0 0 0 0 0 0 0 0 0 0 0 0 0 0 0 0 0 0 0 0 0 0 0 0 0 0 0 0 0 0 0 0 0 0 0 0 0 0 0 0 0 0 0 0 0 0 0 0 0 0 0 0 0 0 0 0 0 0 0 0 0 77 68 79 32 101 120 116 114 97 32 100 97 116 97 32 108 111 99 107 0 0 0 0 0 0 0 0 0 0 0 0 0 0 0 0 0 0 0 0 0 0 0 0 0 0 0 0 0 0 0 0 0 0 0 0 0 0 0 0 0 0 0 0 0 0 0 0 0 0 0 0 0 0 0 0 0 0 0 0 0 0 0 0 0 0 0 0 0 0 0 0 0 0 0 0 0 0 0 0 0 0 0 0 0 0 0 0 0 0 0 0 0 0 0 0 0 0 0 0 0 0 0 0 0 0 0 0 0 0 0 0 0 0 0 0 0 0 2 0 0 209 161 0 0 1 0 0 0 0 0 0 0 0 0 0 0 2 0 0 0 0 0 13 0 2 0 0 0 80 1 0 0 255 255 255 255 7 0 4 0 0 0 0 0 data 42 0x40007 0x0 0x20 0x143a 0xf0008 0x24 0x0 0x130 0x0 0x130 0x0 0x130 0x0 0x130 0x0 0x130 0x0 0x130 0x0 0x130 0x0 0x130 0x0 0x130 0x0 0x130 0x0 0x130 0x0 0x130 0x0 0x130 0x0 0x130 0x0 0x130 0x0 0x130 0x0 0x130 0x0 0x130 oops 0
ciMethodData java/lang/CharacterDataLatin1 getProperties (I)I 2 25070 orig 264 72 50 70 111 0 0 0 0 128 0 186 42 0 0 0 0 40 1 0 0 0 0 0 0 0 0 0 0 0 0 0 0 0 0 0 0 0 0 0 0 0 0 0 0 0 0 0 0 0 0 0 0 0 0 0 0 0 0 0 0 0 0 0 0 0 0 0 0 0 0 0 0 0 0 0 0 0 0 0 0 77 68 79 32 101 120 116 114 97 32 100 97 116 97 32 108 111 99 107 0 0 0 0 0 0 0 0 0 0 0 0 0 0 0 0 0 0 0 0 0 0 0 0 0 0 0 0 0 0 0 0 0 0 0 0 0 0 0 0 0 0 0 0 0 0 0 0 0 0 0 0 0 0 0 0 0 0 0 0 0 0 0 0 0 0 0 0 0 0 0 0 0 0 0 0 0 0 0 0 0 0 0 0 0 0 0 0 0 0 0 0 0 0 0 0 0 0 0 0 0 0 0 0 0 0 0 0 0 0 0 0 0 0 0 0 0 0 2 0 0 113 255 2 0 1 0 0 0 0 0 0 0 0 0 0 0 2 0 0 0 0 0 3 0 1 0 0 0 0 0 0 0 255 255 255 255 0 0 0 0 0 0 0 0 data 0 oops 0
ciMethodData java/lang/Character toLowerCase (I)I 2 24037 orig 264 72 50 70 111 0 0 0 0 56 178 179 42 0 0 0 0 136 1 0 0 0 0 0 0 0 0 0 0 0 0 0 0 0 0 0 0 0 0 0 0 0 0 0 0 0 0 0 0 0 0 0 0 0 0 0 0 0 0 0 0 0 0 0 0 0 0 0 0 0 0 0 0 0 0 0 0 0 0 0 0 77 68 79 32 101 120 116 114 97 32 100 97 116 97 32 108 111 99 107 0 0 0 0 0 0 0 0 0 0 0 0 0 0 0 0 0 0 0 0 0 0 0 0 0 0 0 0 0 0 0 0 0 0 0 0 0 0 0 0 0 0 0 0 0 0 0 0 0 0 0 0 0 0 0 0 0 0 0 0 0 0 0 0 0 0 0 0 0 0 0 0 0 0 0 0 0 0 0 0 0 0 0 0 0 0 0 0 0 0 0 0 0 0 0 0 0 0 0 0 0 0 0 0 0 0 0 0 0 0 0 0 0 0 0 0 0 0 2 0 0 41 223 2 0 1 0 0 0 0 0 0 0 0 0 0 0 2 0 0 0 0 0 3 0 2 0 0 0 64 0 0 0 255 255 255 255 2 0 1 0 0 0 0 0 data 8 0x10002 0x5be5 0x50005 0x0 0xbcc31370 0x5be5 0x0 0x0 oops 1 4 java/lang/CharacterDataLatin1
ciMethodData java/lang/CharacterDataLatin1 toLowerCase (I)I 2 5696 orig 264 72 50 70 111 0 0 0 0 80 8 186 42 0 0 0 0 192 1 0 0 0 0 0 0 0 0 0 0 0 0 0 0 0 0 0 0 0 0 0 0 0 0 0 0 0 0 0 0 0 0 0 0 0 0 0 0 0 0 0 0 0 0 0 0 0 0 0 0 0 0 0 0 0 0 0 0 0 0 0 0 77 68 79 32 101 120 116 114 97 32 100 97 116 97 32 108 111 99 107 0 0 0 0 0 0 0 0 0 0 0 0 0 0 0 0 0 0 0 0 0 0 0 0 0 0 0 0 0 0 0 0 0 0 0 0 0 0 0 0 0 0 0 0 0 0 0 0 0 0 0 0 0 0 0 0 0 0 0 0 0 0 0 0 0 0 0 0 0 0 0 0 0 0 0 0 0 0 0 0 0 0 0 0 0 0 0 0 0 0 0 0 0 0 0 0 0 0 0 0 0 0 0 0 0 0 0 0 0 0 0 0 0 0 0 0 0 0 2 0 0 1 162 0 0 1 0 0 0 0 0 0 0 0 0 0 0 2 0 0 0 0 0 8 0 2 0 0 0 112 0 0 0 255 255 255 255 5 0 4 0 0 0 0 0 data 14 0x40005 0x0 0xbcc31370 0x1440 0x0 0x0 0xc0007 0x12b5 0x40 0x18b 0x150007 0x0 0x20 0x18b oops 1 2 java/lang/CharacterDataLatin1
ciMethod java/net/URLStreamHandler parseURL (Ljava/net/URL;Ljava/lang/String;II)V 2049 161 2534 0 -1
ciMethodData java/lang/String length ()I 2 46987 orig 264 72 50 70 111 0 0 0 0 96 60 170 42 0 0 0 0 32 1 0 0 0 0 0 0 0 0 0 0 0 0 0 0 0 0 0 0 0 0 0 0 0 0 0 0 0 0 0 0 0 0 0 0 0 0 0 0 0 0 0 0 0 0 0 0 0 0 0 0 0 0 0 0 0 0 0 0 0 0 0 0 77 68 79 32 101 120 116 114 97 32 100 97 116 97 32 108 111 99 107 0 0 0 0 0 0 0 0 0 0 0 0 0 0 0 0 0 0 0 0 0 0 0 0 0 0 0 0 0 0 0 0 0 0 0 0 0 0 0 0 0 0 0 0 0 0 0 0 0 0 0 0 0 0 0 0 0 0 0 0 0 0 0 0 0 0 0 0 0 0 0 0 0 0 0 0 0 0 0 0 0 0 0 0 0 1 0 0 0 0 0 0 0 0 0 0 0 0 0 0 0 1 0 0 0 0 0 0 0 0 0 0 0 0 0 0 0 0 2 0 0 89 172 5 0 1 0 0 0 0 0 0 0 0 0 0 0 2 0 0 0 0 0 0 0 0 0 0 0 0 0 0 0 255 255 255 255 0 0 0 0 0 0 0 0 data 0 oops 0
ciMethodData java/lang/String indexOf (II)I 2 142914 orig 264 72 50 70 111 0 0 0 0 128 81 170 42 0 0 0 0 16 2 0 0 88 0 0 0 0 0 0 0 0 0 0 0 0 0 0 0 0 0 0 0 0 0 0 0 0 0 0 0 0 0 0 0 0 0 0 0 0 0 0 0 0 0 0 0 0 0 0 0 0 0 0 0 0 0 0 0 0 0 0 0 77 68 79 32 101 120 116 114 97 32 100 97 116 97 32 108 111 99 107 0 0 0 0 0 0 0 0 0 0 0 0 0 0 0 0 0 0 0 0 0 0 0 0 0 0 0 0 0 0 0 0 0 0 0 0 0 0 0 0 0 0 0 0 0 0 0 0 0 0 0 0 0 0 0 0 0 0 0 0 0 0 0 0 0 0 0 0 0 0 0 0 0 0 0 0 0 0 0 0 0 0 0 0 0 0 0 0 0 0 0 0 0 0 0 0 0 0 0 0 0 0 0 0 0 0 0 0 0 0 0 0 0 0 0 0 0 0 32 0 0 105 87 0 0 17 114 16 0 0 0 0 0 0 0 0 0 2 0 0 0 0 0 0 0 0 0 0 0 224 0 0 0 255 255 255 255 7 0 7 0 0 0 0 0 data 28 0x70007 0xaed 0x38 0x0 0xc0003 0x0 0x38 0x110007 0x88e 0x20 0x25f 0x190007 0x0 0x78 0x88e 0x280007 0x80a 0x58 0x20eb6 0x310007 0x20e34 0x20 0x82 0x3a0003 0x20e34 0xffffffffffffffc0 0x420002 0x0 oops 0
ciMethodData java/lang/Character toLowerCase (C)C 2 9354 orig 264 72 50 70 111 0 0 0 0 160 177 179 42 0 0 0 0 88 1 0 0 0 0 0 0 0 0 0 0 0 0 0 0 0 0 0 0 0 0 0 0 0 0 0 0 0 0 0 0 0 0 0 0 0 0 0 0 0 0 0 0 0 0 0 0 0 0 0 0 0 0 0 0 0 0 0 0 0 0 0 0 77 68 79 32 101 120 116 114 97 32 100 97 116 97 32 108 111 99 107 0 0 0 0 0 0 0 0 0 0 0 0 0 0 0 0 0 0 0 0 0 0 0 0 0 0 0 0 0 0 0 0 0 0 0 0 0 0 0 0 0 0 0 0 0 0 0 0 0 0 0 0 0 0 0 0 0 0 0 0 0 0 0 0 0 0 0 0 0 0 0 0 0 0 0 0 0 0 0 0 0 0 0 0 0 0 0 0 0 0 0 0 0 0 0 0 0 0 0 0 0 0 0 0 0 0 0 0 0 0 0 0 0 0 0 0 0 0 2 0 0 81 20 1 0 1 0 0 0 0 0 0 0 0 0 0 0 2 0 0 0 0 0 3 0 2 0 0 0 16 0 0 0 255 255 255 255 2 0 1 0 0 0 0 0 data 2 0x10002 0x228a oops 0
ciMethodData java/lang/String startsWith (Ljava/lang/String;I)Z 2 13506 orig 264 72 50 70 111 0 0 0 0 248 77 170 42 0 0 0 0 176 1 0 0 32 0 0 0 0 0 0 0 0 0 0 0 0 0 0 0 0 0 0 0 0 0 0 0 0 0 0 0 0 0 0 0 0 0 0 0 0 0 0 0 0 0 0 0 0 0 0 0 0 0 0 0 0 0 0 0 0 0 0 0 77 68 79 32 101 120 116 114 97 32 100 97 116 97 32 108 111 99 107 0 0 0 0 0 0 0 0 0 0 0 0 0 0 0 0 0 0 0 0 0 0 0 0 0 0 0 0 0 0 0 0 0 0 0 0 0 0 0 0 0 0 0 0 0 0 0 0 0 0 0 0 0 0 0 0 0 0 0 0 0 0 0 0 0 0 0 0 0 0 0 0 0 0 0 0 0 0 0 0 0 0 0 0 0 1 0 0 0 0 0 0 0 0 0 0 0 0 0 0 0 3 0 0 0 0 0 0 0 0 0 0 0 0 0 0 0 0 2 0 0 137 64 0 0 17 166 1 0 0 0 0 0 0 0 0 0 2 0 0 0 1 0 13 0 2 0 0 0 128 0 0 0 255 255 255 255 7 0 25 0 0 0 0 0 data 16 0x190007 0x3 0x40 0x80e 0x250007 0x7f0 0x20 0x1e 0x2f0007 0x47 0x40 0x37dc 0x410007 0x3033 0xffffffffffffffe0 0x7a9 oops 0
ciMethodData java/lang/String startsWith (Ljava/lang/String;)Z 2 12720 orig 264 72 50 70 111 0 0 0 0 144 78 170 42 0 0 0 0 128 1 0 0 0 0 0 0 0 0 0 0 0 0 0 0 0 0 0 0 0 0 0 0 0 0 0 0 0 0 0 0 0 0 0 0 0 0 0 0 0 0 0 0 0 0 0 0 0 0 0 0 0 0 0 0 0 0 0 0 0 0 0 0 77 68 79 32 101 120 116 114 97 32 100 97 116 97 32 108 111 99 107 0 0 0 0 0 0 0 0 0 0 0 0 0 0 0 0 0 0 0 0 0 0 0 0 0 0 0 0 0 0 0 0 0 0 0 0 0 0 0 0 0 0 0 0 0 0 0 0 0 0 0 0 0 0 0 0 0 0 0 0 0 0 0 0 0 0 0 0 0 0 0 0 0 0 0 0 0 0 0 0 0 0 0 0 0 1 0 0 0 0 0 0 0 0 0 0 0 0 0 0 0 3 0 0 0 0 0 0 0 0 0 0 0 0 0 0 0 0 2 0 0 129 125 1 0 1 0 0 0 0 0 0 0 0 0 0 0 2 0 0 0 0 0 3 0 2 0 0 0 48 0 0 0 255 255 255 255 5 0 3 0 0 0 0 0 data 6 0x30005 0xb0 0x2a4bebe0 0x2f00 0x0 0x0 oops 1 2 java/lang/String
ciMethodData java/lang/String toLowerCase ()Ljava/lang/String; 2 4193 orig 264 72 50 70 111 0 0 0 0 176 105 170 42 0 0 0 0 136 1 0 0 0 0 0 0 0 0 0 0 0 0 0 0 0 0 0 0 0 0 0 0 0 0 0 0 0 0 0 0 0 0 0 0 0 0 0 0 0 0 0 0 0 0 0 0 0 0 0 0 0 0 0 0 0 0 0 0 0 0 0 0 77 68 79 32 101 120 116 114 97 32 100 97 116 97 32 108 111 99 107 0 0 0 0 0 0 0 0 0 0 0 0 0 0 0 0 0 0 0 0 0 0 0 0 0 0 0 0 0 0 0 0 0 0 0 0 0 0 0 0 0 0 0 0 0 0 0 0 0 0 0 0 0 0 0 0 0 0 0 0 0 0 0 0 0 0 0 0 0 0 0 0 0 0 0 0 0 0 0 0 0 0 0 0 0 0 0 0 0 0 0 0 0 0 0 0 0 0 0 0 0 0 0 0 0 0 0 0 0 0 0 0 0 0 0 0 0 0 2 0 0 9 115 0 0 1 0 0 0 0 0 0 0 0 0 0 0 2 0 0 0 0 0 3 0 2 0 0 0 64 0 0 0 255 255 255 255 2 0 1 0 0 0 0 0 data 8 0x10002 0xe61 0x40005 0xa5 0x2a4bebe0 0xdbc 0x0 0x0 oops 1 4 java/lang/String
ciMethodData java/util/Locale getDefault ()Ljava/util/Locale; 2 4234 orig 264 72 50 70 111 0 0 0 0 216 54 195 42 0 0 0 0 24 1 0 0 0 0 0 0 0 0 0 0 0 0 0 0 0 0 0 0 0 0 0 0 0 0 0 0 0 0 0 0 0 0 0 0 0 0 0 0 0 0 0 0 0 0 0 0 0 0 0 0 0 0 0 0 0 0 0 0 0 0 0 0 77 68 79 32 101 120 116 114 97 32 100 97 116 97 32 108 111 99 107 0 0 0 0 0 0 0 0 0 0 0 0 0 0 0 0 0 0 0 0 0 0 0 0 0 0 0 0 0 0 0 0 0 0 0 0 0 0 0 0 0 0 0 0 0 0 0 0 0 0 0 0 0 0 0 0 0 0 0 0 0 0 0 0 0 0 0 0 0 0 0 0 0 0 0 0 0 0 0 0 0 0 0 0 0 0 0 0 0 0 0 0 0 0 0 0 0 0 0 0 0 0 0 0 0 0 0 0 0 0 0 0 0 0 0 0 0 0 2 0 0 81 116 0 0 1 0 0 0 0 0 0 0 0 0 0 0 2 0 0 0 0 0 3 0 1 0 0 0 0 0 0 0 255 255 255 255 0 0 0 0 0 0 0 0 data 0 oops 0
ciMethodData java/lang/Character toUpperCase (C)C 2 5767 orig 264 72 50 70 111 0 0 0 0 208 178 179 42 0 0 0 0 88 1 0 0 0 0 0 0 0 0 0 0 0 0 0 0 0 0 0 0 0 0 0 0 0 0 0 0 0 0 0 0 0 0 0 0 0 0 0 0 0 0 0 0 0 0 0 0 0 0 0 0 0 0 0 0 0 0 0 0 0 0 0 0 77 68 79 32 101 120 116 114 97 32 100 97 116 97 32 108 111 99 107 0 0 0 0 0 0 0 0 0 0 0 0 0 0 0 0 0 0 0 0 0 0 0 0 0 0 0 0 0 0 0 0 0 0 0 0 0 0 0 0 0 0 0 0 0 0 0 0 0 0 0 0 0 0 0 0 0 0 0 0 0 0 0 0 0 0 0 0 0 0 0 0 0 0 0 0 0 0 0 0 0 0 0 0 0 0 0 0 0 0 0 0 0 0 0 0 0 0 0 0 0 0 0 0 0 0 0 0 0 0 0 0 0 0 0 0 0 0 2 0 0 57 164 0 0 1 0 0 0 0 0 0 0 0 0 0 0 2 0 0 0 0 0 3 0 2 0 0 0 16 0 0 0 255 255 255 255 2 0 1 0 0 0 0 0 data 2 0x10002 0x1487 oops 0
ciMethodData java/lang/Character toUpperCase (I)I 2 5767 orig 264 72 50 70 111 0 0 0 0 104 179 179 42 0 0 0 0 136 1 0 0 0 0 0 0 0 0 0 0 0 0 0 0 0 0 0 0 0 0 0 0 0 0 0 0 0 0 0 0 0 0 0 0 0 0 0 0 0 0 0 0 0 0 0 0 0 0 0 0 0 0 0 0 0 0 0 0 0 0 0 0 77 68 79 32 101 120 116 114 97 32 100 97 116 97 32 108 111 99 107 0 0 0 0 0 0 0 0 0 0 0 0 0 0 0 0 0 0 0 0 0 0 0 0 0 0 0 0 0 0 0 0 0 0 0 0 0 0 0 0 0 0 0 0 0 0 0 0 0 0 0 0 0 0 0 0 0 0 0 0 0 0 0 0 0 0 0 0 0 0 0 0 0 0 0 0 0 0 0 0 0 0 0 0 0 0 0 0 0 0 0 0 0 0 0 0 0 0 0 0 0 0 0 0 0 0 0 0 0 0 0 0 0 0 0 0 0 0 2 0 0 57 164 0 0 1 0 0 0 0 0 0 0 0 0 0 0 2 0 0 0 0 0 3 0 2 0 0 0 64 0 0 0 255 255 255 255 2 0 1 0 0 0 0 0 data 8 0x10002 0x1487 0x50005 0x0 0xbcc31370 0x1487 0x0 0x0 oops 1 4 java/lang/CharacterDataLatin1
ciMethodData java/lang/CharacterDataLatin1 toUpperCase (I)I 2 5632 orig 264 72 50 70 111 0 0 0 0 32 9 186 42 0 0 0 0 248 1 0 0 112 0 0 0 0 0 0 0 0 0 0 0 0 0 0 0 0 0 0 0 0 0 0 0 0 0 0 0 0 0 0 0 0 0 0 0 0 0 0 0 0 0 0 0 0 0 0 0 0 0 0 0 0 0 0 0 0 0 0 0 77 68 79 32 101 120 116 114 97 32 100 97 116 97 32 108 111 99 107 0 0 0 0 0 0 0 0 0 0 0 0 0 0 0 0 0 0 0 0 0 0 0 0 0 0 0 0 0 0 0 0 0 0 0 0 0 0 0 0 0 0 0 0 0 0 0 0 0 0 0 0 0 0 0 0 0 0 0 0 0 0 0 0 0 0 0 0 0 0 0 0 0 0 0 0 0 0 0 0 0 0 0 0 0 0 0 0 0 0 0 0 0 0 0 0 0 0 0 0 0 0 0 0 0 0 0 0 0 0 0 0 0 0 0 0 0 0 2 0 0 1 160 0 0 1 0 0 0 0 0 0 0 0 0 0 0 2 0 0 0 0 0 10 0 2 0 0 0 168 0 0 0 255 255 255 255 5 0 4 0 0 0 0 0 data 21 0x40005 0x0 0xbcc31370 0x1400 0x0 0x0 0xc0007 0x136 0x78 0x12ca 0x150007 0x0 0x38 0x12ca 0x250003 0x12ca 0x38 0x2c0007 0x0 0x20 0x0 oops 1 2 java/lang/CharacterDataLatin1
ciMethod java/io/IOException <init> (Ljava/lang/String;)V 321 1 67 0 0
ciMethodData java/net/URL <init> (Ljava/net/URL;Ljava/lang/String;Ljava/net/URLStreamHandler;)V 2 17190 orig 264 72 50 70 111 0 0 0 0 224 187 178 42 0 0 0 0 24 10 0 0 224 7 0 0 0 0 0 0 0 0 0 0 0 0 0 0 0 0 0 0 0 0 0 0 0 0 0 0 0 0 0 0 0 0 0 0 0 0 0 0 0 0 0 0 0 0 0 0 0 0 0 0 0 0 0 0 0 0 0 0 77 68 79 32 101 120 116 114 97 32 100 97 116 97 32 108 111 99 107 0 0 0 0 0 0 0 0 0 0 0 0 0 0 0 0 0 0 0 0 0 0 0 0 0 0 0 0 0 0 0 0 0 0 0 0 0 0 0 0 0 0 0 0 0 0 0 0 0 0 0 0 0 0 0 0 0 0 0 0 0 0 0 0 0 0 0 0 0 0 0 0 0 0 0 0 0 0 0 0 0 0 0 0 0 0 0 0 0 0 0 0 0 0 0 0 0 0 0 0 0 0 0 0 0 0 0 0 0 0 0 0 0 0 0 0 0 82 4 0 0 9 96 0 0 161 246 1 0 0 0 0 0 0 0 0 0 2 0 0 0 3 0 102 0 2 0 0 0 184 8 0 0 255 255 255 255 2 0 1 0 0 0 0 0 data 279 0x10002 0xc01 0x1e0007 0xc01 0x60 0x0 0x210002 0x0 0x280007 0x0 0x30 0x0 0x2e0002 0x0 0x320005 0x101 0x2a4bebe0 0xb00 0x0 0x0 0x390007 0x0 0x88 0xc01 0x410005 0x101 0x2a4bebe0 0xb00 0x0 0x0 0x460007 0xc01 0x38 0x0 0x4c0003 0x0 0xffffffffffffff90 0x530007 0x0 0x88 0xc01 0x590005 0x101 0x2a4bebe0 0xb00 0x0 0x0 0x5e0007 0xc01 0x38 0x0 0x640003 0x0 0xffffffffffffff90 0x6f0005 0x101 0x2a4bebe0 0xb00 0x0 0x0 0x720007 0xc01 0x20 0x0 0x7b0005 0x101 0x2a4bebe0 0xb00 0x0 0x0 0x7e0007 0x0 0x70 0xc01 0x840005 0x101 0x2a4bebe0 0xb00 0x0 0x0 0x890007 0xc01 0x20 0x0 0x950007 0x0 0x170 0x4ad5 0x9c0007 0x6fe 0x150 0x43d7 0xa20005 0x40c 0x2a4bebe0 0x3fcb 0x0 0x0 0xaa0007 0x4e8 0x100 0x3eef 0xb10007 0x3ed4 0xc8 0x1b 0xb90005 0x11 0x2a4bebe0 0xa 0x0 0x0 0xbc0005 0x11 0x2a4bebe0 0xa 0x0 0x0 0xc40002 0x1b 0xc70007 0x0 0x50 0x1b 0xd40003 0x1b 0x30 0xda0003 0x3ed4 0xfffffffffffffea8 0xe40007 0x1a 0x140 0xbe7 0xe90007 0xbe6 0x70 0x1 0xf20005 0x0 0x2a4bebe0 0x1 0x0 0x0 0xf50007 0x1 0xd0 0x0 0xf90007 0x0 0x20 0xbe6 0x1050007 0x0 0x70 0xbe6 0x10e0005 0xf0 0x2a4bebe0 0xaf6 0x0 0x0 0x1110007 0x254 0x20 0x992 0x1190007 0x0 0x20 0xbe6 0x15b0007 0xc01 0xd0 0x0 0x1660002 0x0 0x16b0005 0x0 0x0 0x0 0x0 0x0 0x1700005 0x0 0x0 0x0 0x0 0x0 0x1730005 0x0 0x0 0x0 0x0 0x0 0x1760002 0x0 0x17b0007 0xbe6 0x100 0x1b 0x1820002 0x1b 0x1870007 0x1a 0xd0 0x1 0x1920002 0x1 0x1970005 0x0 0x2a58ba60 0x1 0x0 0x0 0x19e0005 0x0 0x2a58ba60 0x1 0x0 0x0 0x1a10005 0x0 0x2a58ba60 0x1 0x0 0x0 0x1a40002 0x1 0x1b20005 0x101 0x2a4bebe0 0xaff 0x0 0x0 0x1b90007 0xc00 0x50 0x0 0x1c40005 0x0 0x0 0x0 0x0 0x0 0x1d00007 0x1a 0x60 0xbe6 0x1d70007 0xbe6 0x40 0x0 0x1e60007 0x0 0x20 0x0 0x1f80005 0x1 0xbc331680 0x254 0xbc331730 0x9ab 0x1fb0003 0xc00 0x88 0x20b0005 0x0 0x0 0x0 0x0 0x0 0x20e0002 0x0 0x2170005 0x0 0x0 0x0 0x0 0x0